15:54:42.284 [main] INFO  testCase.TC_001_Contac_Us - Email error message is validated
15:54:42.332 [main] INFO  testCase.TC_001_Contac_Us - Message error message is validated
15:54:42.332 [main] INFO  testCase.TC_001_Contac_Us - Populating the data
15:54:42.416 [main] INFO  testCase.TC_001_Contac_Us - Provided fore name
15:54:42.518 [main] INFO  testCase.TC_001_Contac_Us - Provided email
15:54:42.826 [main] INFO  testCase.TC_001_Contac_Us - Provided Message
15:54:42.828 [main] INFO  testCase.TC_001_Contac_Us - Data has been populated 
15:54:53.029 [main] INFO  testCase.TC_001_Contac_Us - Validated that the error messages are gone
15:54:54.616 [main] INFO  testCase.TC_002_Contact_Us - TC_002_Openingup the contact us screen
15:55:13.720 [main] INFO  testCase.TC_002_Contact_Us - Provided fore name
15:55:13.836 [main] INFO  testCase.TC_002_Contact_Us - Provided email
15:55:14.123 [main] INFO  testCase.TC_002_Contact_Us - Provided Message
15:55:14.221 [main] INFO  testCase.TC_002_Contact_Us - Clicked on submit button
15:55:24.851 [main] INFO  testCase.TC_002_Contact_Us - Feedback sent
15:55:26.533 [main] INFO  testCase.TC_003_Addingproductscart - TC_003_Adding product to the cart testcase strated excuting
15:55:41.289 [main] INFO  testCase.TC_003_Addingproductscart - Shop link is clicked
15:55:41.289 [main] INFO  testCase.TC_003_Addingproductscart - Getting the price for each products
15:55:42.804 [main] INFO  testCase.TC_003_Addingproductscart - 2 frogs has been added to the cart
15:55:43.040 [main] INFO  testCase.TC_003_Addingproductscart - 5 bunny has been added to the cart
15:55:43.168 [main] INFO  testCase.TC_003_Addingproductscart - 3 vbear has been added to the cart
15:55:43.168 [main] INFO  testCase.TC_003_Addingproductscart - All the products has been added into the cart 
15:55:43.230 [main] INFO  testCase.TC_003_Addingproductscart - Cart link is clicked
15:55:54.931 [main] INFO  testCase.TC_003_Addingproductscart - Verifying the subtotal for all product Vs total amount in cart
15:55:54.964 [main] INFO  testCase.TC_003_Addingproductscart - Getting the total from the cart 
15:55:54.964 [main] INFO  testCase.TC_003_Addingproductscart - Success- Sum of sub total all products from cart is matching total amount
15:55:54.965 [main] INFO  testCase.TC_003_Addingproductscart - Verify the subtotal for each product is correct 
15:55:54.965 [main] INFO  testCase.TC_003_Addingproductscart - success - subtotal for each product is correct
15:55:54.965 [main] INFO  testCase.TC_003_Addingproductscart - Verify the price for each product from Cart Vs Shop
15:55:54.965 [main] INFO  testCase.TC_003_Addingproductscart - success -Per price of the products from the cart is matching with the price from shop
16:00:21.566 [main] DEBUG io.netty.util.internal.logging.InternalLoggerFactory - Using Log4J2 as the default logging framework
16:00:21.578 [main] DEBUG io.netty.util.ResourceLeakDetector - -Dio.netty.leakDetection.level: simple
16:00:21.578 [main] DEBUG io.netty.util.ResourceLeakDetector - -Dio.netty.leakDetection.targetRecords: 4
16:00:21.583 [main] DEBUG io.netty.util.ResourceLeakDetectorFactory - Loaded default ResourceLeakDetector: io.netty.util.ResourceLeakDetector@553f1d75
16:00:21.605 [main] DEBUG io.netty.util.internal.PlatformDependent - Platform: Windows
16:00:21.608 [main] DEBUG io.netty.util.internal.PlatformDependent0 - -Dio.netty.noUnsafe: false
16:00:21.608 [main] DEBUG io.netty.util.internal.PlatformDependent0 - Java version: 8
16:00:21.610 [main] DEBUG io.netty.util.internal.PlatformDependent0 - sun.misc.Unsafe.theUnsafe: available
16:00:21.610 [main] DEBUG io.netty.util.internal.PlatformDependent0 - sun.misc.Unsafe.copyMemory: available
16:00:21.611 [main] DEBUG io.netty.util.internal.PlatformDependent0 - java.nio.Buffer.address: available
16:00:21.612 [main] DEBUG io.netty.util.internal.PlatformDependent0 - direct buffer constructor: available
16:00:21.613 [main] DEBUG io.netty.util.internal.PlatformDependent0 - java.nio.Bits.unaligned: available, true
16:00:21.614 [main] DEBUG io.netty.util.internal.PlatformDependent0 - jdk.internal.misc.Unsafe.allocateUninitializedArray(int): unavailable prior to Java9
16:00:21.614 [main] DEBUG io.netty.util.internal.PlatformDependent0 - java.nio.DirectByteBuffer.<init>(long, int): available
16:00:21.614 [main] DEBUG io.netty.util.internal.PlatformDependent - sun.misc.Unsafe: available
16:00:21.615 [main] DEBUG io.netty.util.internal.PlatformDependent - -Dio.netty.tmpdir: C:\Users\PyraUIUX\AppData\Local\Temp (java.io.tmpdir)
16:00:21.615 [main] DEBUG io.netty.util.internal.PlatformDependent - -Dio.netty.bitMode: 64 (sun.arch.data.model)
16:00:21.616 [main] DEBUG io.netty.util.internal.PlatformDependent - -Dio.netty.maxDirectMemory: 1864368128 bytes
16:00:21.616 [main] DEBUG io.netty.util.internal.PlatformDependent - -Dio.netty.uninitializedArrayAllocationThreshold: -1
16:00:21.618 [main] DEBUG io.netty.util.internal.CleanerJava6 - java.nio.ByteBuffer.cleaner(): available
16:00:21.618 [main] DEBUG io.netty.util.internal.PlatformDependent - -Dio.netty.noPreferDirect: false
16:00:21.631 [main] DEBUG io.netty.util.internal.PlatformDependent - org.jctools-core.MpscChunkedArrayQueue: available
16:00:21.660 [main] DEBUG io.netty.util.internal.InternalThreadLocalMap - -Dio.netty.threadLocalMap.stringBuilder.initialSize: 1024
16:00:21.661 [main] DEBUG io.netty.util.internal.InternalThreadLocalMap - -Dio.netty.threadLocalMap.stringBuilder.maxSize: 4096
16:00:21.698 [main] DEBUG io.netty.handler.ssl.JdkSslContext - Default protocols (JDK): [TLSv1.2, TLSv1.1, TLSv1] 
16:00:21.698 [main] DEBUG io.netty.handler.ssl.JdkSslContext - Default cipher suites (JDK): [TLS_ECDHE_ECDSA_WITH_AES_256_GCM_SHA384, TLS_ECDHE_ECDSA_WITH_AES_128_GCM_SHA256, TLS_ECDHE_RSA_WITH_AES_128_GCM_SHA256, TLS_ECDHE_RSA_WITH_AES_256_GCM_SHA384, TLS_ECDHE_RSA_WITH_AES_128_CBC_SHA, TLS_ECDHE_RSA_WITH_AES_256_CBC_SHA, TLS_RSA_WITH_AES_128_GCM_SHA256, TLS_RSA_WITH_AES_128_CBC_SHA, TLS_RSA_WITH_AES_256_CBC_SHA]
16:00:21.732 [main] DEBUG io.netty.channel.MultithreadEventLoopGroup - -Dio.netty.eventLoopThreads: 8
16:00:21.744 [main] DEBUG io.netty.channel.nio.NioEventLoop - -Dio.netty.noKeySetOptimization: false
16:00:21.744 [main] DEBUG io.netty.channel.nio.NioEventLoop - -Dio.netty.selectorAutoRebuildThreshold: 512
16:00:21.756 [main] TRACE io.netty.channel.nio.NioEventLoop - instrumented a special java.util.Set into: sun.nio.ch.WindowsSelectorImpl@4c36250e
16:00:21.757 [main] TRACE io.netty.channel.nio.NioEventLoop - instrumented a special java.util.Set into: sun.nio.ch.WindowsSelectorImpl@299266e2
16:00:21.758 [main] TRACE io.netty.channel.nio.NioEventLoop - instrumented a special java.util.Set into: sun.nio.ch.WindowsSelectorImpl@5471388b
16:00:21.759 [main] TRACE io.netty.channel.nio.NioEventLoop - instrumented a special java.util.Set into: sun.nio.ch.WindowsSelectorImpl@66ea1466
16:00:21.760 [main] TRACE io.netty.channel.nio.NioEventLoop - instrumented a special java.util.Set into: sun.nio.ch.WindowsSelectorImpl@1601e47
16:00:21.761 [main] TRACE io.netty.channel.nio.NioEventLoop - instrumented a special java.util.Set into: sun.nio.ch.WindowsSelectorImpl@3bffddff
16:00:21.762 [main] TRACE io.netty.channel.nio.NioEventLoop - instrumented a special java.util.Set into: sun.nio.ch.WindowsSelectorImpl@66971f6b
16:00:21.763 [main] TRACE io.netty.channel.nio.NioEventLoop - instrumented a special java.util.Set into: sun.nio.ch.WindowsSelectorImpl@50687efb
16:00:21.790 [main] DEBUG io.netty.buffer.PooledByteBufAllocator - -Dio.netty.allocator.numHeapArenas: 8
16:00:21.790 [main] DEBUG io.netty.buffer.PooledByteBufAllocator - -Dio.netty.allocator.numDirectArenas: 8
16:00:21.790 [main] DEBUG io.netty.buffer.PooledByteBufAllocator - -Dio.netty.allocator.pageSize: 8192
16:00:21.791 [main] DEBUG io.netty.buffer.PooledByteBufAllocator - -Dio.netty.allocator.maxOrder: 11
16:00:21.791 [main] DEBUG io.netty.buffer.PooledByteBufAllocator - -Dio.netty.allocator.chunkSize: 16777216
16:00:21.791 [main] DEBUG io.netty.buffer.PooledByteBufAllocator - -Dio.netty.allocator.smallCacheSize: 256
16:00:21.791 [main] DEBUG io.netty.buffer.PooledByteBufAllocator - -Dio.netty.allocator.normalCacheSize: 64
16:00:21.791 [main] DEBUG io.netty.buffer.PooledByteBufAllocator - -Dio.netty.allocator.maxCachedBufferCapacity: 32768
16:00:21.791 [main] DEBUG io.netty.buffer.PooledByteBufAllocator - -Dio.netty.allocator.cacheTrimInterval: 8192
16:00:21.791 [main] DEBUG io.netty.buffer.PooledByteBufAllocator - -Dio.netty.allocator.cacheTrimIntervalMillis: 0
16:00:21.791 [main] DEBUG io.netty.buffer.PooledByteBufAllocator - -Dio.netty.allocator.useCacheForAllThreads: true
16:00:21.791 [main] DEBUG io.netty.buffer.PooledByteBufAllocator - -Dio.netty.allocator.maxCachedByteBuffersPerChunk: 1023
16:00:21.805 [main] DEBUG io.netty.buffer.ByteBufUtil - -Dio.netty.allocator.type: pooled
16:00:21.805 [main] DEBUG io.netty.buffer.ByteBufUtil - -Dio.netty.threadLocalDirectBufferSize: 0
16:00:21.805 [main] DEBUG io.netty.buffer.ByteBufUtil - -Dio.netty.maxThreadLocalCharBufferSize: 16384
16:00:22.757 [Forwarding newSession on session null to remote] DEBUG io.netty.channel.DefaultChannelId - -Dio.netty.processId: 21740 (auto-detected)
16:00:22.761 [Forwarding newSession on session null to remote] DEBUG io.netty.util.NetUtil - -Djava.net.preferIPv4Stack: false
16:00:22.761 [Forwarding newSession on session null to remote] DEBUG io.netty.util.NetUtil - -Djava.net.preferIPv6Addresses: false
16:00:23.047 [Forwarding newSession on session null to remote] DEBUG io.netty.util.NetUtilInitializations - Loopback interface: lo (Software Loopback Interface 1, 127.0.0.1)
16:00:23.048 [Forwarding newSession on session null to remote] DEBUG io.netty.util.NetUtil - Failed to get SOMAXCONN from sysctl and file \proc\sys\net\core\somaxconn. Default: 200
16:00:23.313 [Forwarding newSession on session null to remote] DEBUG io.netty.channel.DefaultChannelId - -Dio.netty.machineId: f0:d5:bf:ff:fe:0b:20:c5 (auto-detected)
16:00:23.409 [AsyncHttpClient-1-2] DEBUG io.netty.buffer.AbstractByteBuf - -Dio.netty.buffer.checkAccessible: true
16:00:23.409 [AsyncHttpClient-1-2] DEBUG io.netty.buffer.AbstractByteBuf - -Dio.netty.buffer.checkBounds: true
16:00:23.410 [AsyncHttpClient-1-2] DEBUG io.netty.util.ResourceLeakDetectorFactory - Loaded default ResourceLeakDetector: io.netty.util.ResourceLeakDetector@5db5e9a6
16:00:23.446 [AsyncHttpClient-1-2] DEBUG io.netty.util.Recycler - -Dio.netty.recycler.maxCapacityPerThread: 4096
16:00:23.446 [AsyncHttpClient-1-2] DEBUG io.netty.util.Recycler - -Dio.netty.recycler.maxSharedCapacityFactor: 2
16:00:23.446 [AsyncHttpClient-1-2] DEBUG io.netty.util.Recycler - -Dio.netty.recycler.linkCapacity: 16
16:00:23.446 [AsyncHttpClient-1-2] DEBUG io.netty.util.Recycler - -Dio.netty.recycler.ratio: 8
16:00:23.446 [AsyncHttpClient-1-2] DEBUG io.netty.util.Recycler - -Dio.netty.recycler.delayedQueue.ratio: 8
16:00:24.509 [main] DEBUG io.netty.util.internal.ThreadLocalRandom - -Dio.netty.initialSeedUniquifier: 0x8c3c33df1727895c
16:00:24.619 [main] INFO  testCase.TC_001_Contac_Us - TC_001_Started excuting the testcase 1
16:00:56.822 [main] INFO  testCase.TC_001_Contac_Us - Openingup the contact us screen
16:00:57.351 [main] INFO  testCase.TC_001_Contac_Us - Clicked on submit button
16:00:57.390 [main] INFO  testCase.TC_001_Contac_Us - Forename error meesage is validated
16:00:57.424 [main] INFO  testCase.TC_001_Contac_Us - Email error message is validated
16:00:57.461 [main] INFO  testCase.TC_001_Contac_Us - Message error message is validated
16:00:57.461 [main] INFO  testCase.TC_001_Contac_Us - Populating the data
16:00:57.556 [main] INFO  testCase.TC_001_Contac_Us - Provided fore name
16:00:57.667 [main] INFO  testCase.TC_001_Contac_Us - Provided email
16:00:57.982 [main] INFO  testCase.TC_001_Contac_Us - Provided Message
16:00:57.984 [main] INFO  testCase.TC_001_Contac_Us - Data has been populated 
16:01:08.247 [main] INFO  testCase.TC_001_Contac_Us - Validated that the error messages are gone
16:01:09.873 [main] INFO  testCase.TC_002_Contact_Us - TC_002_Openingup the contact us screen
16:01:39.890 [main] INFO  testCase.TC_002_Contact_Us - Provided fore name
16:01:39.998 [main] INFO  testCase.TC_002_Contact_Us - Provided email
16:01:40.279 [main] INFO  testCase.TC_002_Contact_Us - Provided Message
16:01:40.359 [main] INFO  testCase.TC_002_Contact_Us - Clicked on submit button
16:01:42.928 [main] INFO  testCase.TC_002_Contact_Us - Feedback sent
16:01:44.503 [main] INFO  testCase.TC_003_Addingproductscart - TC_003_Adding product to the cart testcase strated excuting
16:02:04.904 [main] INFO  testCase.TC_003_Addingproductscart - Shop link is clicked
16:02:04.904 [main] INFO  testCase.TC_003_Addingproductscart - Getting the price for each products
16:02:07.045 [main] INFO  testCase.TC_003_Addingproductscart - 2 frogs has been added to the cart
16:02:07.274 [main] INFO  testCase.TC_003_Addingproductscart - 5 bunny has been added to the cart
16:02:07.417 [main] INFO  testCase.TC_003_Addingproductscart - 3 vbear has been added to the cart
16:02:07.417 [main] INFO  testCase.TC_003_Addingproductscart - All the products has been added into the cart 
16:02:07.485 [main] INFO  testCase.TC_003_Addingproductscart - Cart link is clicked
16:02:23.142 [main] INFO  testCase.TC_003_Addingproductscart - Verifying the subtotal for all product Vs total amount in cart
16:02:23.179 [main] INFO  testCase.TC_003_Addingproductscart - Getting the total from the cart 
16:02:23.179 [main] INFO  testCase.TC_003_Addingproductscart - Success- Sum of sub total all products from cart is matching total amount
16:02:23.179 [main] INFO  testCase.TC_003_Addingproductscart - Verify the subtotal for each product is correct 
16:02:23.179 [main] INFO  testCase.TC_003_Addingproductscart - success - subtotal for each product is correct
16:02:23.180 [main] INFO  testCase.TC_003_Addingproductscart - Verify the price for each product from Cart Vs Shop
16:02:23.180 [main] INFO  testCase.TC_003_Addingproductscart - success -Per price of the products from the cart is matching with the price from shop
17:59:52.180 [main] DEBUG io.netty.util.internal.logging.InternalLoggerFactory - Using Log4J2 as the default logging framework
17:59:52.197 [main] DEBUG io.netty.util.ResourceLeakDetector - -Dio.netty.leakDetection.level: simple
17:59:52.197 [main] DEBUG io.netty.util.ResourceLeakDetector - -Dio.netty.leakDetection.targetRecords: 4
17:59:52.205 [main] DEBUG io.netty.util.ResourceLeakDetectorFactory - Loaded default ResourceLeakDetector: io.netty.util.ResourceLeakDetector@4263b080
17:59:52.238 [main] DEBUG io.netty.util.internal.PlatformDependent - Platform: Windows
17:59:52.240 [main] DEBUG io.netty.util.internal.PlatformDependent0 - -Dio.netty.noUnsafe: false
17:59:52.241 [main] DEBUG io.netty.util.internal.PlatformDependent0 - Java version: 8
17:59:52.243 [main] DEBUG io.netty.util.internal.PlatformDependent0 - sun.misc.Unsafe.theUnsafe: available
17:59:52.244 [main] DEBUG io.netty.util.internal.PlatformDependent0 - sun.misc.Unsafe.copyMemory: available
17:59:52.245 [main] DEBUG io.netty.util.internal.PlatformDependent0 - java.nio.Buffer.address: available
17:59:52.246 [main] DEBUG io.netty.util.internal.PlatformDependent0 - direct buffer constructor: available
17:59:52.247 [main] DEBUG io.netty.util.internal.PlatformDependent0 - java.nio.Bits.unaligned: available, true
17:59:52.247 [main] DEBUG io.netty.util.internal.PlatformDependent0 - jdk.internal.misc.Unsafe.allocateUninitializedArray(int): unavailable prior to Java9
17:59:52.247 [main] DEBUG io.netty.util.internal.PlatformDependent0 - java.nio.DirectByteBuffer.<init>(long, int): available
17:59:52.247 [main] DEBUG io.netty.util.internal.PlatformDependent - sun.misc.Unsafe: available
17:59:52.248 [main] DEBUG io.netty.util.internal.PlatformDependent - -Dio.netty.tmpdir: C:\Users\PyraUIUX\AppData\Local\Temp (java.io.tmpdir)
17:59:52.248 [main] DEBUG io.netty.util.internal.PlatformDependent - -Dio.netty.bitMode: 64 (sun.arch.data.model)
17:59:52.249 [main] DEBUG io.netty.util.internal.PlatformDependent - -Dio.netty.maxDirectMemory: 1864368128 bytes
17:59:52.249 [main] DEBUG io.netty.util.internal.PlatformDependent - -Dio.netty.uninitializedArrayAllocationThreshold: -1
17:59:52.250 [main] DEBUG io.netty.util.internal.CleanerJava6 - java.nio.ByteBuffer.cleaner(): available
17:59:52.251 [main] DEBUG io.netty.util.internal.PlatformDependent - -Dio.netty.noPreferDirect: false
17:59:52.263 [main] DEBUG io.netty.util.internal.PlatformDependent - org.jctools-core.MpscChunkedArrayQueue: available
17:59:52.305 [main] DEBUG io.netty.util.internal.InternalThreadLocalMap - -Dio.netty.threadLocalMap.stringBuilder.initialSize: 1024
17:59:52.306 [main] DEBUG io.netty.util.internal.InternalThreadLocalMap - -Dio.netty.threadLocalMap.stringBuilder.maxSize: 4096
17:59:52.335 [main] DEBUG io.netty.handler.ssl.JdkSslContext - Default protocols (JDK): [TLSv1.2, TLSv1.1, TLSv1] 
17:59:52.335 [main] DEBUG io.netty.handler.ssl.JdkSslContext - Default cipher suites (JDK): [TLS_ECDHE_ECDSA_WITH_AES_256_GCM_SHA384, TLS_ECDHE_ECDSA_WITH_AES_128_GCM_SHA256, TLS_ECDHE_RSA_WITH_AES_128_GCM_SHA256, TLS_ECDHE_RSA_WITH_AES_256_GCM_SHA384, TLS_ECDHE_RSA_WITH_AES_128_CBC_SHA, TLS_ECDHE_RSA_WITH_AES_256_CBC_SHA, TLS_RSA_WITH_AES_128_GCM_SHA256, TLS_RSA_WITH_AES_128_CBC_SHA, TLS_RSA_WITH_AES_256_CBC_SHA]
17:59:52.382 [main] DEBUG io.netty.channel.MultithreadEventLoopGroup - -Dio.netty.eventLoopThreads: 8
17:59:52.403 [main] DEBUG io.netty.channel.nio.NioEventLoop - -Dio.netty.noKeySetOptimization: false
17:59:52.403 [main] DEBUG io.netty.channel.nio.NioEventLoop - -Dio.netty.selectorAutoRebuildThreshold: 512
17:59:52.427 [main] TRACE io.netty.channel.nio.NioEventLoop - instrumented a special java.util.Set into: sun.nio.ch.WindowsSelectorImpl@5d332969
17:59:52.429 [main] TRACE io.netty.channel.nio.NioEventLoop - instrumented a special java.util.Set into: sun.nio.ch.WindowsSelectorImpl@c0b41d6
17:59:52.430 [main] TRACE io.netty.channel.nio.NioEventLoop - instrumented a special java.util.Set into: sun.nio.ch.WindowsSelectorImpl@4837595f
17:59:52.431 [main] TRACE io.netty.channel.nio.NioEventLoop - instrumented a special java.util.Set into: sun.nio.ch.WindowsSelectorImpl@2bffa76d
17:59:52.432 [main] TRACE io.netty.channel.nio.NioEventLoop - instrumented a special java.util.Set into: sun.nio.ch.WindowsSelectorImpl@3b718392
17:59:52.433 [main] TRACE io.netty.channel.nio.NioEventLoop - instrumented a special java.util.Set into: sun.nio.ch.WindowsSelectorImpl@6d2260db
17:59:52.434 [main] TRACE io.netty.channel.nio.NioEventLoop - instrumented a special java.util.Set into: sun.nio.ch.WindowsSelectorImpl@1f2d2181
17:59:52.435 [main] TRACE io.netty.channel.nio.NioEventLoop - instrumented a special java.util.Set into: sun.nio.ch.WindowsSelectorImpl@49bf29c6
17:59:52.476 [main] DEBUG io.netty.buffer.PooledByteBufAllocator - -Dio.netty.allocator.numHeapArenas: 8
17:59:52.476 [main] DEBUG io.netty.buffer.PooledByteBufAllocator - -Dio.netty.allocator.numDirectArenas: 8
17:59:52.477 [main] DEBUG io.netty.buffer.PooledByteBufAllocator - -Dio.netty.allocator.pageSize: 8192
17:59:52.477 [main] DEBUG io.netty.buffer.PooledByteBufAllocator - -Dio.netty.allocator.maxOrder: 11
17:59:52.477 [main] DEBUG io.netty.buffer.PooledByteBufAllocator - -Dio.netty.allocator.chunkSize: 16777216
17:59:52.477 [main] DEBUG io.netty.buffer.PooledByteBufAllocator - -Dio.netty.allocator.smallCacheSize: 256
17:59:52.477 [main] DEBUG io.netty.buffer.PooledByteBufAllocator - -Dio.netty.allocator.normalCacheSize: 64
17:59:52.477 [main] DEBUG io.netty.buffer.PooledByteBufAllocator - -Dio.netty.allocator.maxCachedBufferCapacity: 32768
17:59:52.477 [main] DEBUG io.netty.buffer.PooledByteBufAllocator - -Dio.netty.allocator.cacheTrimInterval: 8192
17:59:52.477 [main] DEBUG io.netty.buffer.PooledByteBufAllocator - -Dio.netty.allocator.cacheTrimIntervalMillis: 0
17:59:52.477 [main] DEBUG io.netty.buffer.PooledByteBufAllocator - -Dio.netty.allocator.useCacheForAllThreads: true
17:59:52.477 [main] DEBUG io.netty.buffer.PooledByteBufAllocator - -Dio.netty.allocator.maxCachedByteBuffersPerChunk: 1023
17:59:52.494 [main] DEBUG io.netty.buffer.ByteBufUtil - -Dio.netty.allocator.type: pooled
17:59:52.494 [main] DEBUG io.netty.buffer.ByteBufUtil - -Dio.netty.threadLocalDirectBufferSize: 0
17:59:52.494 [main] DEBUG io.netty.buffer.ByteBufUtil - -Dio.netty.maxThreadLocalCharBufferSize: 16384
17:59:53.613 [Forwarding newSession on session null to remote] DEBUG io.netty.channel.DefaultChannelId - -Dio.netty.processId: 22324 (auto-detected)
17:59:53.616 [Forwarding newSession on session null to remote] DEBUG io.netty.util.NetUtil - -Djava.net.preferIPv4Stack: false
17:59:53.616 [Forwarding newSession on session null to remote] DEBUG io.netty.util.NetUtil - -Djava.net.preferIPv6Addresses: false
17:59:53.893 [Forwarding newSession on session null to remote] DEBUG io.netty.util.NetUtilInitializations - Loopback interface: lo (Software Loopback Interface 1, 127.0.0.1)
17:59:53.894 [Forwarding newSession on session null to remote] DEBUG io.netty.util.NetUtil - Failed to get SOMAXCONN from sysctl and file \proc\sys\net\core\somaxconn. Default: 200
17:59:54.180 [Forwarding newSession on session null to remote] DEBUG io.netty.channel.DefaultChannelId - -Dio.netty.machineId: f0:d5:bf:ff:fe:0b:20:c5 (auto-detected)
17:59:54.269 [AsyncHttpClient-1-2] DEBUG io.netty.buffer.AbstractByteBuf - -Dio.netty.buffer.checkAccessible: true
17:59:54.269 [AsyncHttpClient-1-2] DEBUG io.netty.buffer.AbstractByteBuf - -Dio.netty.buffer.checkBounds: true
17:59:54.269 [AsyncHttpClient-1-2] DEBUG io.netty.util.ResourceLeakDetectorFactory - Loaded default ResourceLeakDetector: io.netty.util.ResourceLeakDetector@20d900a3
17:59:54.310 [AsyncHttpClient-1-2] DEBUG io.netty.util.Recycler - -Dio.netty.recycler.maxCapacityPerThread: 4096
17:59:54.310 [AsyncHttpClient-1-2] DEBUG io.netty.util.Recycler - -Dio.netty.recycler.maxSharedCapacityFactor: 2
17:59:54.310 [AsyncHttpClient-1-2] DEBUG io.netty.util.Recycler - -Dio.netty.recycler.linkCapacity: 16
17:59:54.310 [AsyncHttpClient-1-2] DEBUG io.netty.util.Recycler - -Dio.netty.recycler.ratio: 8
17:59:54.310 [AsyncHttpClient-1-2] DEBUG io.netty.util.Recycler - -Dio.netty.recycler.delayedQueue.ratio: 8
17:59:55.655 [main] DEBUG io.netty.util.internal.ThreadLocalRandom - -Dio.netty.initialSeedUniquifier: 0x6c3027a1509c8f16
17:59:55.759 [main] INFO  testCase.TC_001_Contac_Us - TC_001_Started excuting the testcase 1
18:00:00.608 [main] INFO  testCase.TC_001_Contac_Us - Openingup the contact us screen
18:00:00.923 [main] INFO  testCase.TC_001_Contac_Us - Clicked on submit button
18:00:00.967 [main] INFO  testCase.TC_001_Contac_Us - Forename error meesage is validated
18:00:00.999 [main] INFO  testCase.TC_001_Contac_Us - Email error message is validated
18:00:01.034 [main] INFO  testCase.TC_001_Contac_Us - Message error message is validated
18:00:01.034 [main] INFO  testCase.TC_001_Contac_Us - Populating the data
18:00:01.116 [main] INFO  testCase.TC_001_Contac_Us - Provided fore name
18:00:01.223 [main] INFO  testCase.TC_001_Contac_Us - Provided email
18:00:01.574 [main] INFO  testCase.TC_001_Contac_Us - Provided Message
18:00:01.574 [main] INFO  testCase.TC_001_Contac_Us - Data has been populated 
18:00:11.765 [main] INFO  testCase.TC_001_Contac_Us - Validated that the error messages are gone
18:00:13.413 [main] INFO  testCase.TC_002_Contact_Us - TC_002_Openingup the contact us screen
18:00:24.427 [main] INFO  testCase.TC_002_Contact_Us - Provided fore name
18:00:24.536 [main] INFO  testCase.TC_002_Contact_Us - Provided email
18:00:24.829 [main] INFO  testCase.TC_002_Contact_Us - Provided Message
18:00:24.930 [main] INFO  testCase.TC_002_Contact_Us - Clicked on submit button
18:00:27.611 [main] INFO  testCase.TC_002_Contact_Us - Feedback sent
18:00:29.400 [main] INFO  testCase.TC_003_Addingproductscart - TC_003_Adding product to the cart testcase strated excuting
18:00:36.056 [main] INFO  testCase.TC_003_Addingproductscart - Shop link is clicked
18:00:36.056 [main] INFO  testCase.TC_003_Addingproductscart - Getting the price for each products
18:00:37.621 [main] INFO  testCase.TC_003_Addingproductscart - 2 frogs has been added to the cart
18:00:37.850 [main] INFO  testCase.TC_003_Addingproductscart - 5 bunny has been added to the cart
18:00:37.988 [main] INFO  testCase.TC_003_Addingproductscart - 3 vbear has been added to the cart
18:00:37.988 [main] INFO  testCase.TC_003_Addingproductscart - All the products has been added into the cart 
18:00:38.053 [main] INFO  testCase.TC_003_Addingproductscart - Cart link is clicked
18:00:43.343 [main] INFO  testCase.TC_003_Addingproductscart - Verifying the subtotal for all product Vs total amount in cart
18:00:43.383 [main] INFO  testCase.TC_003_Addingproductscart - Getting the total from the cart 
18:00:43.383 [main] INFO  testCase.TC_003_Addingproductscart - Success- Sum of sub total all products from cart is matching total amount
18:00:43.383 [main] INFO  testCase.TC_003_Addingproductscart - Verify the subtotal for each product is correct 
18:00:43.384 [main] INFO  testCase.TC_003_Addingproductscart - success - subtotal for each product is correct
18:00:43.384 [main] INFO  testCase.TC_003_Addingproductscart - Verify the price for each product from Cart Vs Shop
18:00:43.384 [main] INFO  testCase.TC_003_Addingproductscart - success -Per price of the products from the cart is matching with the price from shop
